<?xml version="1.0" encoding="UTF-8"?>
<!-- Generated by org.testng.reporters.JUnitReportReporter -->
<testsuite hostname="BLRSFLT130" failures="0" tests="3" name="org.metro.UpForm" time="217.894" errors="0" timestamp="22 Feb 2023 09:54:54 GMT" skipped="0">
  <testcase classname="org.metro.UpForm" name="Updation" time="61.451"/>
  <testcase classname="org.metro.UpForm" name="Updation" time="71.875"/>
  <testcase classname="org.metro.UpForm" name="Updation" time="84.568"/>
</testsuite> <!-- org.metro.UpForm -->
