<?xml version="1.0" encoding="UTF-8"?>
<!-- Generated by org.testng.reporters.JUnitReportReporter -->
<testsuite hostname="BLRSFLT130" failures="0" tests="3" name="org.addon.AddonTry" time="2.179" errors="2" timestamp="20 Feb 2023 13:59:56 GMT" skipped="1">
  <testcase classname="org.addon.AddonTry" name="validation" time="1.893">
    <error message="
Data provider mismatch
Method: validation([Parameter{index=0, type=java.lang.String, declaredAnnotations=[]}, Parameter{index=1, type=java.lang.String, declaredAnnotations=[]}, Parameter{index=2, type=java.lang.String, declaredAnnotations=[]}, Parameter{index=3, type=java.lang.String, declaredAnnotations=[]}, Parameter{index=4, type=java.lang.String, declaredAnnotations=[]}, Parameter{index=5, type=java.lang.String, declaredAnnotations=[]}])
Arguments: [(java.lang.String) card,(java.lang.String) 7010871009,(java.lang.String) 1200260115,(java.lang.String) 1,(java.lang.String) yes,(java.lang.String) test001@mailinator.com,(java.lang.String) 2,(java.lang.String) Test One,(java.lang.String) 9876543211,(java.lang.String) test1@mailinator.com,(java.lang.String) Test two,(java.lang.String) 9876543212,(java.lang.String) test2@mailinator.com,(java.lang.String) Test three,(java.lang.String) 9876543213,(java.lang.String) test2@mailinator.com,(java.lang.String) Test four,(java.lang.String) 9876543214,(java.lang.String) test4@mailinator.com,(java.lang.String) 2,(java.lang.String) Exam,(java.lang.String) 9876543210,(java.lang.String) exam@mailinator.com,(java.lang.String) Test One,(java.lang.String) 9876543211,(java.lang.String) test1@mailinator.com,(java.lang.String) Test two,(java.lang.String) 9876543212,(java.lang.String) test2@mailinator.com,(java.lang.String) Test three,(java.lang.String) 9876543213,(java.lang.String) test3@mailinator.com,(java.lang.String) Test four,(java.lang.String) 9876543214,(java.lang.String) test4@mailinator.com,(java.lang.String) Test five,(java.lang.String) 9876543215,(java.lang.String) test5@mailinator.com,(java.lang.String) ,(java.lang.String) ]" type="org.testng.internal.reflect.MethodMatcherException">
      <![CDATA[org.testng.internal.reflect.MethodMatcherException: 
Data provider mismatch
Method: validation([Parameter{index=0, type=java.lang.String, declaredAnnotations=[]}, Parameter{index=1, type=java.lang.String, declaredAnnotations=[]}, Parameter{index=2, type=java.lang.String, declaredAnnotations=[]}, Parameter{index=3, type=java.lang.String, declaredAnnotations=[]}, Parameter{index=4, type=java.lang.String, declaredAnnotations=[]}, Parameter{index=5, type=java.lang.String, declaredAnnotations=[]}])
Arguments: [(java.lang.String) card,(java.lang.String) 7010871009,(java.lang.String) 1200260115,(java.lang.String) 1,(java.lang.String) yes,(java.lang.String) test001@mailinator.com,(java.lang.String) 2,(java.lang.String) Test One,(java.lang.String) 9876543211,(java.lang.String) test1@mailinator.com,(java.lang.String) Test two,(java.lang.String) 9876543212,(java.lang.String) test2@mailinator.com,(java.lang.String) Test three,(java.lang.String) 9876543213,(java.lang.String) test2@mailinator.com,(java.lang.String) Test four,(java.lang.String) 9876543214,(java.lang.String) test4@mailinator.com,(java.lang.String) 2,(java.lang.String) Exam,(java.lang.String) 9876543210,(java.lang.String) exam@mailinator.com,(java.lang.String) Test One,(java.lang.String) 9876543211,(java.lang.String) test1@mailinator.com,(java.lang.String) Test two,(java.lang.String) 9876543212,(java.lang.String) test2@mailinator.com,(java.lang.String) Test three,(java.lang.String) 9876543213,(java.lang.String) test3@mailinator.com,(java.lang.String) Test four,(java.lang.String) 9876543214,(java.lang.String) test4@mailinator.com,(java.lang.String) Test five,(java.lang.String) 9876543215,(java.lang.String) test5@mailinator.com,(java.lang.String) ,(java.lang.String) ]
at org.testng.internal.reflect.DataProviderMethodMatcher.getConformingArguments(DataProviderMethodMatcher.java:45)
at org.testng.internal.Parameters.injectParameters(Parameters.java:796)
at org.testng.internal.Invoker.invokeTestMethods(Invoker.java:983)
at org.testng.internal.TestMethodWorker.invokeTestMethods(TestMethodWorker.java:125)
at org.testng.internal.TestMethodWorker.run(TestMethodWorker.java:109)
at org.testng.TestRunner.privateRun(TestRunner.java:648)
at org.testng.TestRunner.run(TestRunner.java:505)
at org.testng.SuiteRunner.runTest(SuiteRunner.java:455)
at org.testng.SuiteRunner.runSequentially(SuiteRunner.java:450)
at org.testng.SuiteRunner.privateRun(SuiteRunner.java:415)
at org.testng.SuiteRunner.run(SuiteRunner.java:364)
at org.testng.SuiteRunnerWorker.runSuite(SuiteRunnerWorker.java:52)
at org.testng.SuiteRunnerWorker.run(SuiteRunnerWorker.java:84)
at org.testng.TestNG.runSuitesSequentially(TestNG.java:1208)
at org.testng.TestNG.runSuitesLocally(TestNG.java:1137)
at org.testng.TestNG.runSuites(TestNG.java:1049)
at org.testng.TestNG.run(TestNG.java:1017)
at org.testng.remote.AbstractRemoteTestNG.run(AbstractRemoteTestNG.java:115)
at org.testng.remote.RemoteTestNG.initAndRun(RemoteTestNG.java:251)
at org.testng.remote.RemoteTestNG.main(RemoteTestNG.java:77)
]]>
    </error>
  </testcase> <!-- validation -->
  <testcase classname="org.addon.AddonTry" name="addOnCustomer" time="0.286">
    <error message="
Data provider mismatch
Method: addOnCustomer([Parameter{index=0, type=int, declaredAnnotations=[]}, Parameter{index=1, type=java.lang.String, declaredAnnotations=[]}, Parameter{index=2, type=java.lang.String, declaredAnnotations=[]}, Parameter{index=3, type=java.lang.String, declaredAnnotations=[]}, Parameter{index=4, type=java.lang.String, declaredAnnotations=[]}, Parameter{index=5, type=java.lang.String, declaredAnnotations=[]}, Parameter{index=6, type=java.lang.String, declaredAnnotations=[]}, Parameter{index=7, type=java.lang.String, declaredAnnotations=[]}, Parameter{index=8, type=java.lang.String, declaredAnnotations=[]}, Parameter{index=9, type=java.lang.String, declaredAnnotations=[]}, Parameter{index=10, type=java.lang.String, declaredAnnotations=[]}, Parameter{index=11, type=java.lang.String, declaredAnnotations=[]}, Parameter{index=12, type=java.lang.String, declaredAnnotations=[]}])
Arguments: [(java.lang.String) card,(java.lang.String) 7010871009,(java.lang.String) 1200260115,(java.lang.String) 1,(java.lang.String) yes,(java.lang.String) test001@mailinator.com,(java.lang.String) 2,(java.lang.String) Test One,(java.lang.String) 9876543211,(java.lang.String) test1@mailinator.com,(java.lang.String) Test two,(java.lang.String) 9876543212,(java.lang.String) test2@mailinator.com,(java.lang.String) Test three,(java.lang.String) 9876543213,(java.lang.String) test2@mailinator.com,(java.lang.String) Test four,(java.lang.String) 9876543214,(java.lang.String) test4@mailinator.com,(java.lang.String) 2,(java.lang.String) Exam,(java.lang.String) 9876543210,(java.lang.String) exam@mailinator.com,(java.lang.String) Test One,(java.lang.String) 9876543211,(java.lang.String) test1@mailinator.com,(java.lang.String) Test two,(java.lang.String) 9876543212,(java.lang.String) test2@mailinator.com,(java.lang.String) Test three,(java.lang.String) 9876543213,(java.lang.String) test3@mailinator.com,(java.lang.String) Test four,(java.lang.String) 9876543214,(java.lang.String) test4@mailinator.com,(java.lang.String) Test five,(java.lang.String) 9876543215,(java.lang.String) test5@mailinator.com,(java.lang.String) ,(java.lang.String) ]" type="org.testng.internal.reflect.MethodMatcherException">
      <![CDATA[org.testng.internal.reflect.MethodMatcherException: 
Data provider mismatch
Method: addOnCustomer([Parameter{index=0, type=int, declaredAnnotations=[]}, Parameter{index=1, type=java.lang.String, declaredAnnotations=[]}, Parameter{index=2, type=java.lang.String, declaredAnnotations=[]}, Parameter{index=3, type=java.lang.String, declaredAnnotations=[]}, Parameter{index=4, type=java.lang.String, declaredAnnotations=[]}, Parameter{index=5, type=java.lang.String, declaredAnnotations=[]}, Parameter{index=6, type=java.lang.String, declaredAnnotations=[]}, Parameter{index=7, type=java.lang.String, declaredAnnotations=[]}, Parameter{index=8, type=java.lang.String, declaredAnnotations=[]}, Parameter{index=9, type=java.lang.String, declaredAnnotations=[]}, Parameter{index=10, type=java.lang.String, declaredAnnotations=[]}, Parameter{index=11, type=java.lang.String, declaredAnnotations=[]}, Parameter{index=12, type=java.lang.String, declaredAnnotations=[]}])
Arguments: [(java.lang.String) card,(java.lang.String) 7010871009,(java.lang.String) 1200260115,(java.lang.String) 1,(java.lang.String) yes,(java.lang.String) test001@mailinator.com,(java.lang.String) 2,(java.lang.String) Test One,(java.lang.String) 9876543211,(java.lang.String) test1@mailinator.com,(java.lang.String) Test two,(java.lang.String) 9876543212,(java.lang.String) test2@mailinator.com,(java.lang.String) Test three,(java.lang.String) 9876543213,(java.lang.String) test2@mailinator.com,(java.lang.String) Test four,(java.lang.String) 9876543214,(java.lang.String) test4@mailinator.com,(java.lang.String) 2,(java.lang.String) Exam,(java.lang.String) 9876543210,(java.lang.String) exam@mailinator.com,(java.lang.String) Test One,(java.lang.String) 9876543211,(java.lang.String) test1@mailinator.com,(java.lang.String) Test two,(java.lang.String) 9876543212,(java.lang.String) test2@mailinator.com,(java.lang.String) Test three,(java.lang.String) 9876543213,(java.lang.String) test3@mailinator.com,(java.lang.String) Test four,(java.lang.String) 9876543214,(java.lang.String) test4@mailinator.com,(java.lang.String) Test five,(java.lang.String) 9876543215,(java.lang.String) test5@mailinator.com,(java.lang.String) ,(java.lang.String) ]
at org.testng.internal.reflect.DataProviderMethodMatcher.getConformingArguments(DataProviderMethodMatcher.java:45)
at org.testng.internal.Parameters.injectParameters(Parameters.java:796)
at org.testng.internal.Invoker.invokeTestMethods(Invoker.java:983)
at org.testng.internal.TestMethodWorker.invokeTestMethods(TestMethodWorker.java:125)
at org.testng.internal.TestMethodWorker.run(TestMethodWorker.java:109)
at org.testng.TestRunner.privateRun(TestRunner.java:648)
at org.testng.TestRunner.run(TestRunner.java:505)
at org.testng.SuiteRunner.runTest(SuiteRunner.java:455)
at org.testng.SuiteRunner.runSequentially(SuiteRunner.java:450)
at org.testng.SuiteRunner.privateRun(SuiteRunner.java:415)
at org.testng.SuiteRunner.run(SuiteRunner.java:364)
at org.testng.SuiteRunnerWorker.runSuite(SuiteRunnerWorker.java:52)
at org.testng.SuiteRunnerWorker.run(SuiteRunnerWorker.java:84)
at org.testng.TestNG.runSuitesSequentially(TestNG.java:1208)
at org.testng.TestNG.runSuitesLocally(TestNG.java:1137)
at org.testng.TestNG.runSuites(TestNG.java:1049)
at org.testng.TestNG.run(TestNG.java:1017)
at org.testng.remote.AbstractRemoteTestNG.run(AbstractRemoteTestNG.java:115)
at org.testng.remote.RemoteTestNG.initAndRun(RemoteTestNG.java:251)
at org.testng.remote.RemoteTestNG.main(RemoteTestNG.java:77)
]]>
    </error>
  </testcase> <!-- addOnCustomer -->
  <testcase classname="org.addon.AddonTry" name="referAFriend">
    <skipped/>
  </testcase> <!-- referAFriend -->
</testsuite> <!-- org.addon.AddonTry -->
