<?xml version="1.0" encoding="UTF-8"?>
<!-- Generated by org.testng.reporters.JUnitReportReporter -->
<testsuite hostname="BLRSFLT130" failures="0" tests="1" name="org.updation.LicUpdate" time="30.235" errors="0" timestamp="22 Feb 2023 05:25:51 GMT" skipped="0">
  <testcase classname="org.updation.LicUpdate" name="Updation" time="30.235"/>
</testsuite> <!-- org.updation.LicUpdate -->
