<?xml version="1.0" encoding="UTF-8"?>
<!-- Generated by org.testng.reporters.JUnitReportReporter -->
<testsuite hostname="BLRSFLT130" failures="0" tests="1" name="org.forms.MetroAddOnForm" time="99.035" errors="0" timestamp="22 Feb 2023 13:35:36 GMT" skipped="0">
  <testcase classname="org.forms.MetroAddOnForm" name="validation" time="99.035"/>
</testsuite> <!-- org.forms.MetroAddOnForm -->
